This file contains any messages produced by compilers while
running configure, to aid debugging if configure makes a mistake.

It was created by downloader configure 0.2, which was
generated by GNU Autoconf 2.69.  Invocation command line was

  $ ./configure --no-create --no-recursion

## --------- ##
## Platform. ##
## --------- ##

hostname = DARKKNIGHT
uname -m = x86_64
uname -r = 3.13.0-37-generic
uname -s = Linux
uname -v = #64-Ubuntu SMP Mon Sep 22 21:28:38 UTC 2014

/usr/bin/uname -p = unknown
/bin/uname -X     = unknown

/bin/arch              = unknown
/usr/bin/arch -k       = unknown
/usr/convex/getsysinfo = unknown
/usr/bin/hostinfo      = unknown
/bin/machine           = unknown
/usr/bin/oslevel       = unknown
/bin/universe          = unknown

PATH: /usr/local/sbin
PATH: /usr/local/bin
PATH: /usr/sbin
PATH: /usr/bin
PATH: /sbin
PATH: /bin
PATH: /usr/games
PATH: /usr/local/games


## ----------- ##
## Core tests. ##
## ----------- ##

configure:1966: creating ./config.status
configure:3018: checking for a BSD-compatible install
configure:3086: result: /usr/bin/install -c
configure:3097: checking whether build environment is sane
configure:3152: result: yes
configure:3303: checking for a thread-safe mkdir -p
configure:3342: result: /bin/mkdir -p
configure:3349: checking for gawk
configure:3365: found /usr/bin/gawk
configure:3376: result: gawk
configure:3387: checking whether make sets $(MAKE)
configure:3409: result: yes
configure:3438: checking whether make supports nested variables
configure:3455: result: yes
configure:3630: checking for gcc
configure:3646: found /usr/bin/gcc
configure:3657: result: gcc
configure:3886: checking for C compiler version
configure:3895: gcc --version >&5
gcc (Ubuntu 4.8.2-19ubuntu1) 4.8.2
Copyright (C) 2013 Free Software Foundation, Inc.
This is free software; see the source for copying conditions.  There is NO
warranty; not even for MERCHANTABILITY or FITNESS FOR A PARTICULAR PURPOSE.

configure:3906: $? = 0
configure:3895: gcc -v >&5
Using built-in specs.
COLLECT_GCC=gcc
COLLECT_LTO_WRAPPER=/usr/lib/gcc/x86_64-linux-gnu/4.8/lto-wrapper
Target: x86_64-linux-gnu
Configured with: ../src/configure -v --with-pkgversion='Ubuntu 4.8.2-19ubuntu1' --with-bugurl=file:///usr/share/doc/gcc-4.8/README.Bugs --enable-languages=c,c++,java,go,d,fortran,objc,obj-c++ --prefix=/usr --program-suffix=-4.8 --enable-shared --enable-linker-build-id --libexecdir=/usr/lib --without-included-gettext --enable-threads=posix --with-gxx-include-dir=/usr/include/c++/4.8 --libdir=/usr/lib --enable-nls --with-sysroot=/ --enable-clocale=gnu --enable-libstdcxx-debug --enable-libstdcxx-time=yes --enable-gnu-unique-object --disable-libmudflap --enable-plugin --with-system-zlib --disable-browser-plugin --enable-java-awt=gtk --enable-gtk-cairo --with-java-home=/usr/lib/jvm/java-1.5.0-gcj-4.8-amd64/jre --enable-java-home --with-jvm-root-dir=/usr/lib/jvm/java-1.5.0-gcj-4.8-amd64 --with-jvm-jar-dir=/usr/lib/jvm-exports/java-1.5.0-gcj-4.8-amd64 --with-arch-directory=amd64 --with-ecj-jar=/usr/share/java/eclipse-ecj.jar --enable-objc-gc --enable-multiarch --disable-werror --with-arch-32=i686 --with-abi=m64 --with-multilib-list=m32,m64,mx32 --with-tune=generic --enable-checking=release --build=x86_64-linux-gnu --host=x86_64-linux-gnu --target=x86_64-linux-gnu
Thread model: posix
gcc version 4.8.2 (Ubuntu 4.8.2-19ubuntu1) 
configure:3906: $? = 0
configure:3895: gcc -V >&5
gcc: error: unrecognized command line option '-V'
gcc: fatal error: no input files
compilation terminated.
configure:3906: $? = 4
configure:3895: gcc -qversion >&5
gcc: error: unrecognized command line option '-qversion'
gcc: fatal error: no input files
compilation terminated.
configure:3906: $? = 4
configure:3926: checking whether the C compiler works
configure:3948: gcc    conftest.c  >&5
configure:3952: $? = 0
configure:4000: result: yes
configure:4003: checking for C compiler default output file name
configure:4005: result: a.out
configure:4011: checking for suffix of executables
configure:4018: gcc -o conftest    conftest.c  >&5
configure:4022: $? = 0
configure:4044: result: 
configure:4066: checking whether we are cross compiling
configure:4074: gcc -o conftest    conftest.c  >&5
configure:4078: $? = 0
configure:4085: ./conftest
configure:4089: $? = 0
configure:4104: result: no
configure:4109: checking for suffix of object files
configure:4131: gcc -c   conftest.c >&5
configure:4135: $? = 0
configure:4156: result: o
configure:4160: checking whether we are using the GNU C compiler
configure:4179: gcc -c   conftest.c >&5
configure:4179: $? = 0
configure:4188: result: yes
configure:4197: checking whether gcc accepts -g
configure:4217: gcc -c -g  conftest.c >&5
configure:4217: $? = 0
configure:4258: result: yes
configure:4275: checking for gcc option to accept ISO C89
configure:4338: gcc  -c -g -O2  conftest.c >&5
configure:4338: $? = 0
configure:4351: result: none needed
configure:4376: checking whether gcc understands -c and -o together
configure:4398: gcc -c conftest.c -o conftest2.o
configure:4401: $? = 0
configure:4398: gcc -c conftest.c -o conftest2.o
configure:4401: $? = 0
configure:4413: result: yes
configure:4441: checking for style of include used by make
configure:4469: result: GNU
configure:4495: checking dependency style of gcc
configure:4606: result: gcc3
configure:4684: checking for pkg-config
configure:4702: found /usr/bin/pkg-config
configure:4714: result: /usr/bin/pkg-config
configure:4739: checking pkg-config is at least version 0.9.0
configure:4742: result: yes
configure:4752: checking for libcurl
configure:4759: $PKG_CONFIG --exists --print-errors "libcurl"
configure:4762: $? = 0
configure:4776: $PKG_CONFIG --exists --print-errors "libcurl"
configure:4779: $? = 0
configure:4837: result: yes
configure:4843: checking for ncurses
configure:4850: $PKG_CONFIG --exists --print-errors "ncurses"
configure:4853: $? = 0
configure:4867: $PKG_CONFIG --exists --print-errors "ncurses"
configure:4870: $? = 0
configure:4928: result: yes
configure:5082: checking that generated files are newer than configure
configure:5088: result: done
configure:5111: creating ./config.status
configure:6242: 
configure:6244: =================================
configure:6246:  Looks like configure went well! 
configure:6248: 
configure:6250:  Please run make && make install 
configure:6252: =================================

## ---------------- ##
## Cache variables. ##
## ---------------- ##

ac_cv_c_compiler_gnu=yes
ac_cv_env_CC_set=
ac_cv_env_CC_value=
ac_cv_env_CFLAGS_set=
ac_cv_env_CFLAGS_value=
ac_cv_env_CPPFLAGS_set=
ac_cv_env_CPPFLAGS_value=
ac_cv_env_LDFLAGS_set=
ac_cv_env_LDFLAGS_value=
ac_cv_env_LIBS_set=
ac_cv_env_LIBS_value=
ac_cv_env_PKG_CONFIG_LIBDIR_set=
ac_cv_env_PKG_CONFIG_LIBDIR_value=
ac_cv_env_PKG_CONFIG_PATH_set=
ac_cv_env_PKG_CONFIG_PATH_value=
ac_cv_env_PKG_CONFIG_set=
ac_cv_env_PKG_CONFIG_value=
ac_cv_env_build_alias_set=
ac_cv_env_build_alias_value=
ac_cv_env_host_alias_set=
ac_cv_env_host_alias_value=
ac_cv_env_libcurl_CFLAGS_set=
ac_cv_env_libcurl_CFLAGS_value=
ac_cv_env_libcurl_LIBS_set=
ac_cv_env_libcurl_LIBS_value=
ac_cv_env_ncurses_CFLAGS_set=
ac_cv_env_ncurses_CFLAGS_value=
ac_cv_env_ncurses_LIBS_set=
ac_cv_env_ncurses_LIBS_value=
ac_cv_env_target_alias_set=
ac_cv_env_target_alias_value=
ac_cv_objext=o
ac_cv_path_ac_pt_PKG_CONFIG=/usr/bin/pkg-config
ac_cv_path_install='/usr/bin/install -c'
ac_cv_path_mkdir=/bin/mkdir
ac_cv_prog_AWK=gawk
ac_cv_prog_ac_ct_CC=gcc
ac_cv_prog_cc_c89=
ac_cv_prog_cc_g=yes
ac_cv_prog_make_make_set=yes
am_cv_CC_dependencies_compiler_type=gcc3
am_cv_make_support_nested_variables=yes
am_cv_prog_cc_c_o=yes
pkg_cv_libcurl_CFLAGS=' '
pkg_cv_libcurl_LIBS='-lcurl  '
pkg_cv_ncurses_CFLAGS='-I/usr/include/ncursesw  '
pkg_cv_ncurses_LIBS='-lncurses  '

## ----------------- ##
## Output variables. ##
## ----------------- ##

ACLOCAL='${SHELL} /home/josh/Projects/c/downloader-0.2/missing aclocal-1.14'
AMDEPBACKSLASH='\'
AMDEP_FALSE='#'
AMDEP_TRUE=''
AMTAR='$${TAR-tar}'
AM_BACKSLASH='\'
AM_DEFAULT_V='$(AM_DEFAULT_VERBOSITY)'
AM_DEFAULT_VERBOSITY='1'
AM_V='$(V)'
AUTOCONF='${SHELL} /home/josh/Projects/c/downloader-0.2/missing autoconf'
AUTOHEADER='${SHELL} /home/josh/Projects/c/downloader-0.2/missing autoheader'
AUTOMAKE='${SHELL} /home/josh/Projects/c/downloader-0.2/missing automake-1.14'
AWK='gawk'
CC='gcc'
CCDEPMODE='depmode=gcc3'
CFLAGS='-g -O2'
CPPFLAGS=''
CYGPATH_W='echo'
DEFS='-DPACKAGE_NAME=\"downloader\" -DPACKAGE_TARNAME=\"downloader\" -DPACKAGE_VERSION=\"0.2\" -DPACKAGE_STRING=\"downloader\ 0.2\" -DPACKAGE_BUGREPORT=\"josh@finlay.id.au\" -DPACKAGE_URL=\"\" -DPACKAGE=\"downloader\" -DVERSION=\"0.2\"'
DEPDIR='.deps'
ECHO_C=''
ECHO_N='-n'
ECHO_T=''
EXEEXT=''
INSTALL_DATA='${INSTALL} -m 644'
INSTALL_PROGRAM='${INSTALL}'
INSTALL_SCRIPT='${INSTALL}'
INSTALL_STRIP_PROGRAM='$(install_sh) -c -s'
LDFLAGS=''
LIBOBJS=''
LIBS=''
LTLIBOBJS=''
MAKEINFO='${SHELL} /home/josh/Projects/c/downloader-0.2/missing makeinfo'
MKDIR_P='/bin/mkdir -p'
OBJEXT='o'
PACKAGE='downloader'
PACKAGE_BUGREPORT='josh@finlay.id.au'
PACKAGE_NAME='downloader'
PACKAGE_STRING='downloader 0.2'
PACKAGE_TARNAME='downloader'
PACKAGE_URL=''
PACKAGE_VERSION='0.2'
PATH_SEPARATOR=':'
PKG_CONFIG='/usr/bin/pkg-config'
PKG_CONFIG_LIBDIR=''
PKG_CONFIG_PATH=''
SET_MAKE=''
SHELL='/bin/bash'
STRIP=''
VERSION='0.2'
ac_ct_CC='gcc'
am__EXEEXT_FALSE=''
am__EXEEXT_TRUE='#'
am__fastdepCC_FALSE='#'
am__fastdepCC_TRUE=''
am__include='include'
am__isrc=''
am__leading_dot='.'
am__nodep='_no'
am__quote=''
am__tar='$${TAR-tar} chof - "$$tardir"'
am__untar='$${TAR-tar} xf -'
bindir='${exec_prefix}/bin'
build_alias=''
datadir='${datarootdir}'
datarootdir='${prefix}/share'
docdir='${datarootdir}/doc/${PACKAGE_TARNAME}'
dvidir='${docdir}'
exec_prefix='${prefix}'
host_alias=''
htmldir='${docdir}'
includedir='${prefix}/include'
infodir='${datarootdir}/info'
install_sh='${SHELL} /home/josh/Projects/c/downloader-0.2/install-sh'
libcurl_CFLAGS=' '
libcurl_LIBS='-lcurl  '
libdir='${exec_prefix}/lib'
libexecdir='${exec_prefix}/libexec'
localedir='${datarootdir}/locale'
localstatedir='${prefix}/var'
mandir='${datarootdir}/man'
mkdir_p='$(MKDIR_P)'
ncurses_CFLAGS='-I/usr/include/ncursesw  '
ncurses_LIBS='-lncurses  '
oldincludedir='/usr/include'
pdfdir='${docdir}'
prefix='/usr/local'
program_transform_name='s,x,x,'
psdir='${docdir}'
sbindir='${exec_prefix}/sbin'
sharedstatedir='${prefix}/com'
sysconfdir='${prefix}/etc'
target_alias=''

## ----------- ##
## confdefs.h. ##
## ----------- ##

/* confdefs.h */
#define PACKAGE_NAME "downloader"
#define PACKAGE_TARNAME "downloader"
#define PACKAGE_VERSION "0.2"
#define PACKAGE_STRING "downloader 0.2"
#define PACKAGE_BUGREPORT "josh@finlay.id.au"
#define PACKAGE_URL ""
#define PACKAGE "downloader"
#define VERSION "0.2"

configure: exit 0

## ---------------------- ##
## Running config.status. ##
## ---------------------- ##

This file was extended by downloader config.status 0.2, which was
generated by GNU Autoconf 2.69.  Invocation command line was

  CONFIG_FILES    = 
  CONFIG_HEADERS  = 
  CONFIG_LINKS    = 
  CONFIG_COMMANDS = 
  $ ./config.status 

on DARKKNIGHT

config.status:780: creating Makefile
config.status:780: creating src/Makefile
config.status:952: executing depfiles commands
